Build started 24/03/2017 09:42:52.
     1>Project "C:\Users\Robert\documents\visual studio 2013\Projects\ARProject\ARProject\ARProject.vcxproj" on node 2 (Build target(s)).
     1>ClCompile:
         C:\Program Files (x86)\Microsoft Visual Studio 12.0\VC\bin\CL.exe /c /I"C:\Users\Robert\documents\visual studio 2013\Projects\ARProject\packages\OpenCV.2.4.10\build\native\../../build/native/include/" /I"C:\Program Files (x86)\ARToolKit5\include" /I"C:\Program Files (x86)\ARToolKit5\include\win32-i386" /I"C:\Users\Robert\documents\visual studio 2013\Projects\ARProject\packages\GLMathematics.0.9.5.4\build\native\include" /ZI /nologo /W3 /WX- /sdl /Od /Oy- /D HAS_OPENCV /D _CRT_SECURE_NO_WARNINGS /D _MBCS /Gm /EHsc /RTC1 /MDd /GS /fp:precise /Zc:wchar_t /Zc:forScope /Fo"Debug\\" /Fd"Debug\vc120.pdb" /Gd /TP /analyze- /errorReport:prompt Ball.cpp FeatureDetection.cpp Game.cpp Main.cpp Paddle.cpp
         Paddle.cpp
     1>c:\users\robert\documents\visual studio 2013\projects\arproject\arproject\paddle.cpp(7): warning C4244: '=' : conversion from 'float' to 'int', possible loss of data
     1>c:\users\robert\documents\visual studio 2013\projects\arproject\arproject\paddle.cpp(8): warning C4244: '=' : conversion from 'float' to 'int', possible loss of data
     1>c:\users\robert\documents\visual studio 2013\projects\arproject\arproject\paddle.cpp(13): warning C4244: '=' : conversion from 'float' to 'int', possible loss of data
     1>c:\users\robert\documents\visual studio 2013\projects\arproject\arproject\paddle.cpp(14): warning C4244: '=' : conversion from 'float' to 'int', possible loss of data
     1>c:\users\robert\documents\visual studio 2013\projects\arproject\arproject\paddle.cpp(23): warning C4244: '=' : conversion from 'float' to 'int', possible loss of data
     1>c:\users\robert\documents\visual studio 2013\projects\arproject\arproject\paddle.cpp(24): warning C4244: '=' : conversion from 'float' to 'int', possible loss of data
         Main.cpp
         Game.cpp
     1>c:\users\robert\documents\visual studio 2013\projects\arproject\arproject\game.cpp(67): warning C4244: 'argument' : conversion from 'float' to 'int', possible loss of data
     1>c:\users\robert\documents\visual studio 2013\projects\arproject\arproject\game.cpp(68): warning C4244: 'argument' : conversion from 'float' to 'int', possible loss of data
         FeatureDetection.cpp
         Ball.cpp
     1>c:\users\robert\documents\visual studio 2013\projects\arproject\arproject\ball.cpp(9): warning C4244: 'argument' : conversion from 'float' to 'int', possible loss of data
     1>c:\users\robert\documents\visual studio 2013\projects\arproject\arproject\ball.cpp(14): warning C4244: 'argument' : conversion from 'float' to 'int', possible loss of data
     1>c:\users\robert\documents\visual studio 2013\projects\arproject\arproject\ball.cpp(19): warning C4244: '+=' : conversion from 'float' to 'int', possible loss of data
     1>c:\users\robert\documents\visual studio 2013\projects\arproject\arproject\ball.cpp(20): warning C4244: '+=' : conversion from 'float' to 'int', possible loss of data
         Generating Code...
       Link:
         C:\Program Files (x86)\Microsoft Visual Studio 12.0\VC\bin\link.exe /ERRORREPORT:PROMPT /OUT:"C:\Users\Robert\documents\visual studio 2013\Projects\ARProject\Debug\ARProject.exe" /INCREMENTAL /NOLOGO /LIBPATH:"C:\Program Files (x86)\ARToolKit5\lib" /LIBPATH:"C:\Program Files (x86)\ARToolKit5\lib\win32-i386" "C:\Users\Robert\documents\visual studio 2013\Projects\ARProject\packages\OpenCV.2.4.10\build\native\../../build/native/lib/Win32/v120/Debug/opencv_videostab2410d.lib" "C:\Users\Robert\documents\visual studio 2013\Projects\ARProject\packages\OpenCV.2.4.10\build\native\../../build/native/lib/Win32/v120/Debug/opencv_video2410d.lib" "C:\Users\Robert\documents\visual studio 2013\Projects\ARProject\packages\OpenCV.2.4.10\build\native\../../build/native/lib/Win32/v120/Debug/opencv_ts2410d.lib" "C:\Users\Robert\documents\visual studio 2013\Projects\ARProject\packages\OpenCV.2.4.10\build\native\../../build/native/lib/Win32/v120/Debug/opencv_superres2410d.lib" "C:\Users\Robert\documents\visual studio 2013\Projects\ARProject\packages\OpenCV.2.4.10\build\native\../../build/native/lib/Win32/v120/Debug/opencv_stitching2410d.lib" "C:\Users\Robert\documents\visual studio 2013\Projects\ARProject\packages\OpenCV.2.4.10\build\native\../../build/native/lib/Win32/v120/Debug/opencv_photo2410d.lib" "C:\Users\Robert\documents\visual studio 2013\Projects\ARProject\packages\OpenCV.2.4.10\build\native\../../build/native/lib/Win32/v120/Debug/opencv_ocl2410d.lib" "C:\Users\Robert\documents\visual studio 2013\Projects\ARProject\packages\OpenCV.2.4.10\build\native\../../build/native/lib/Win32/v120/Debug/opencv_objdetect2410d.lib" "C:\Users\Robert\documents\visual studio 2013\Projects\ARProject\packages\OpenCV.2.4.10\build\native\../../build/native/lib/Win32/v120/Debug/opencv_nonfree2410d.lib" "C:\Users\Robert\documents\visual studio 2013\Projects\ARProject\packages\OpenCV.2.4.10\build\native\../../build/native/lib/Win32/v120/Debug/opencv_ml2410d.lib" "C:\Users\Robert\documents\visual studio 2013\Projects\ARProject\packages\OpenCV.2.4.10\build\native\../../build/native/lib/Win32/v120/Debug/opencv_legacy2410d.lib" "C:\Users\Robert\documents\visual studio 2013\Projects\ARProject\packages\OpenCV.2.4.10\build\native\../../build/native/lib/Win32/v120/Debug/opencv_imgproc2410d.lib" "C:\Users\Robert\documents\visual studio 2013\Projects\ARProject\packages\OpenCV.2.4.10\build\native\../../build/native/lib/Win32/v120/Debug/opencv_highgui2410d.lib" "C:\Users\Robert\documents\visual studio 2013\Projects\ARProject\packages\OpenCV.2.4.10\build\native\../../build/native/lib/Win32/v120/Debug/opencv_gpu2410d.lib" "C:\Users\Robert\documents\visual studio 2013\Projects\ARProject\packages\OpenCV.2.4.10\build\native\../../build/native/lib/Win32/v120/Debug/opencv_flann2410d.lib" "C:\Users\Robert\documents\visual studio 2013\Projects\ARProject\packages\OpenCV.2.4.10\build\native\../../build/native/lib/Win32/v120/Debug/opencv_features2d2410d.lib" "C:\Users\Robert\documents\visual studio 2013\Projects\ARProject\packages\OpenCV.2.4.10\build\native\../../build/native/lib/Win32/v120/Debug/opencv_core2410d.lib" "C:\Users\Robert\documents\visual studio 2013\Projects\ARProject\packages\OpenCV.2.4.10\build\native\../../build/native/lib/Win32/v120/Debug/opencv_contrib2410d.lib" "C:\Users\Robert\documents\visual studio 2013\Projects\ARProject\packages\OpenCV.2.4.10\build\native\../../build/native/lib/Win32/v120/Debug/opencv_calib3d2410d.lib" ARd.lib ARICPd.lib ARgsub_lited.lib ARvideod.lib kernel32.lib user32.lib gdi32.lib winspool.lib comdlg32.lib advapi32.lib shell32.lib ole32.lib oleaut32.lib uuid.lib odbc32.lib odbccp32.lib /MANIFEST /MANIFESTUAC:"level='asInvoker' uiAccess='false'" /manifest:embed /DEBUG /PDB:"C:\Users\Robert\documents\visual studio 2013\Projects\ARProject\Debug\ARProject.pdb" /TLBID:1 /DYNAMICBASE /NXCOMPAT /IMPLIB:"C:\Users\Robert\documents\visual studio 2013\Projects\ARProject\Debug\ARProject.lib" /MACHINE:X86 Debug\Ball.obj
         Debug\FeatureDetection.obj
         Debug\Game.obj
         Debug\Main.obj
         Debug\Paddle.obj
         ARProject.vcxproj -> C:\Users\Robert\documents\visual studio 2013\Projects\ARProject\Debug\ARProject.exe
     1>Done Building Project "C:\Users\Robert\documents\visual studio 2013\Projects\ARProject\ARProject\ARProject.vcxproj" (Build target(s)).

Build succeeded.

Time Elapsed 00:00:38.41
