Build started 24/03/2017 09:37:37.
     1>Project "C:\Users\Robert\documents\visual studio 2013\Projects\ARProject\ARProject\ARProject.vcxproj" on node 2 (Build target(s)).
     1>ClCompile:
         C:\Program Files (x86)\Microsoft Visual Studio 12.0\VC\bin\CL.exe /c /I"C:\Users\Robert\documents\visual studio 2013\Projects\ARProject\packages\OpenCV.2.4.10\build\native\../../build/native/include/" /I"C:\Program Files (x86)\ARToolKit5\include" /I"C:\Program Files (x86)\ARToolKit5\include\win32-i386" /I"C:\Users\Robert\documents\visual studio 2013\Projects\ARProject\packages\GLMathematics.0.9.5.4\build\native\include" /Zi /nologo /W3 /WX- /sdl /O2 /Oi /Oy- /GL /D HAS_OPENCV /D _CRT_SECURE_NO_WARNINGS /D _MBCS /Gm- /EHsc /MD /GS /Gy /fp:precise /Zc:wchar_t /Zc:forScope /Fo"Release\\" /Fd"Release\vc120.pdb" /Gd /TP /analyze- /errorReport:prompt Ball.cpp
         Ball.cpp
     1>Ball.cpp(9): warning C4244: 'argument' : conversion from 'float' to 'int', possible loss of data
     1>Ball.cpp(14): warning C4244: 'argument' : conversion from 'float' to 'int', possible loss of data
     1>Ball.cpp(19): warning C4244: '+=' : conversion from 'float' to 'int', possible loss of data
     1>Ball.cpp(20): warning C4244: '+=' : conversion from 'float' to 'int', possible loss of data
       Link:
         C:\Program Files (x86)\Microsoft Visual Studio 12.0\VC\bin\link.exe /ERRORREPORT:PROMPT /OUT:"C:\Users\Robert\documents\visual studio 2013\Projects\ARProject\Release\ARProject.exe" /NOLOGO /LIBPATH:"C:\Program Files (x86)\ARToolKit5\lib" /LIBPATH:"C:\Program Files (x86)\ARToolKit5\lib\win32-i386" "C:\Users\Robert\documents\visual studio 2013\Projects\ARProject\packages\OpenCV.2.4.10\build\native\../../build/native/lib/Win32/v120/Release/opencv_videostab2410.lib" "C:\Users\Robert\documents\visual studio 2013\Projects\ARProject\packages\OpenCV.2.4.10\build\native\../../build/native/lib/Win32/v120/Release/opencv_video2410.lib" "C:\Users\Robert\documents\visual studio 2013\Projects\ARProject\packages\OpenCV.2.4.10\build\native\../../build/native/lib/Win32/v120/Release/opencv_ts2410.lib" "C:\Users\Robert\documents\visual studio 2013\Projects\ARProject\packages\OpenCV.2.4.10\build\native\../../build/native/lib/Win32/v120/Release/opencv_superres2410.lib" "C:\Users\Robert\documents\visual studio 2013\Projects\ARProject\packages\OpenCV.2.4.10\build\native\../../build/native/lib/Win32/v120/Release/opencv_stitching2410.lib" "C:\Users\Robert\documents\visual studio 2013\Projects\ARProject\packages\OpenCV.2.4.10\build\native\../../build/native/lib/Win32/v120/Release/opencv_photo2410.lib" "C:\Users\Robert\documents\visual studio 2013\Projects\ARProject\packages\OpenCV.2.4.10\build\native\../../build/native/lib/Win32/v120/Release/opencv_ocl2410.lib" "C:\Users\Robert\documents\visual studio 2013\Projects\ARProject\packages\OpenCV.2.4.10\build\native\../../build/native/lib/Win32/v120/Release/opencv_objdetect2410.lib" "C:\Users\Robert\documents\visual studio 2013\Projects\ARProject\packages\OpenCV.2.4.10\build\native\../../build/native/lib/Win32/v120/Release/opencv_nonfree2410.lib" "C:\Users\Robert\documents\visual studio 2013\Projects\ARProject\packages\OpenCV.2.4.10\build\native\../../build/native/lib/Win32/v120/Release/opencv_ml2410.lib" "C:\Users\Robert\documents\visual studio 2013\Projects\ARProject\packages\OpenCV.2.4.10\build\native\../../build/native/lib/Win32/v120/Release/opencv_legacy2410.lib" "C:\Users\Robert\documents\visual studio 2013\Projects\ARProject\packages\OpenCV.2.4.10\build\native\../../build/native/lib/Win32/v120/Release/opencv_imgproc2410.lib" "C:\Users\Robert\documents\visual studio 2013\Projects\ARProject\packages\OpenCV.2.4.10\build\native\../../build/native/lib/Win32/v120/Release/opencv_highgui2410.lib" "C:\Users\Robert\documents\visual studio 2013\Projects\ARProject\packages\OpenCV.2.4.10\build\native\../../build/native/lib/Win32/v120/Release/opencv_gpu2410.lib" "C:\Users\Robert\documents\visual studio 2013\Projects\ARProject\packages\OpenCV.2.4.10\build\native\../../build/native/lib/Win32/v120/Release/opencv_flann2410.lib" "C:\Users\Robert\documents\visual studio 2013\Projects\ARProject\packages\OpenCV.2.4.10\build\native\../../build/native/lib/Win32/v120/Release/opencv_features2d2410.lib" "C:\Users\Robert\documents\visual studio 2013\Projects\ARProject\packages\OpenCV.2.4.10\build\native\../../build/native/lib/Win32/v120/Release/opencv_core2410.lib" "C:\Users\Robert\documents\visual studio 2013\Projects\ARProject\packages\OpenCV.2.4.10\build\native\../../build/native/lib/Win32/v120/Release/opencv_contrib2410.lib" "C:\Users\Robert\documents\visual studio 2013\Projects\ARProject\packages\OpenCV.2.4.10\build\native\../../build/native/lib/Win32/v120/Release/opencv_calib3d2410.lib" AR.lib ARICP.lib ARgsub_lite.lib ARvideo.lib kernel32.lib user32.lib gdi32.lib winspool.lib comdlg32.lib advapi32.lib shell32.lib ole32.lib oleaut32.lib uuid.lib odbc32.lib odbccp32.lib /MANIFEST /MANIFESTUAC:"level='asInvoker' uiAccess='false'" /manifest:embed /DEBUG /PDB:"C:\Users\Robert\documents\visual studio 2013\Projects\ARProject\Release\ARProject.pdb" /OPT:REF /OPT:ICF /LTCG /TLBID:1 /DYNAMICBASE /NXCOMPAT /IMPLIB:"C:\Users\Robert\documents\visual studio 2013\Projects\ARProject\Release\ARProject.lib" /MACHINE:X86 /SAFESEH Release\Ball.obj
         Release\FeatureDetection.obj
         Release\Game.obj
         Release\Main.obj
         Release\Paddle.obj
         Generating code
         Finished generating code
         ARProject.vcxproj -> C:\Users\Robert\documents\visual studio 2013\Projects\ARProject\Release\ARProject.exe
     1>Done Building Project "C:\Users\Robert\documents\visual studio 2013\Projects\ARProject\ARProject\ARProject.vcxproj" (Build target(s)).

Build succeeded.

Time Elapsed 00:00:10.75
